Starting server with Config HP="127.0.0.1:13812"|T="28800000"|R="false"|L="info"
time="2026-03-01T10:03:46-05:00" level=info msg="Creating root@localhost superuser"
time="2026-03-01T10:03:46-05:00" level=info msg="Server ready. Accepting connections."
time="2026-03-01T10:03:46-05:00" level=warning msg="secure_file_priv is set to \"\", which is insecure."
time="2026-03-01T10:03:46-05:00" level=warning msg="Any user with GRANT FILE privileges will be able to read any file which the sql-server process can read."
time="2026-03-01T10:03:46-05:00" level=warning msg="Please consider restarting the server with secure_file_priv set to a safe (or non-existent) directory."
time="2026-03-01T10:03:46-05:00" level=info msg=NewConnection DisableClientMultiStatements=false connectionID=1
time="2026-03-01T10:03:46-05:00" level=info msg=ConnectionClosed connectionID=1
time="2026-03-01T10:03:46-05:00" level=info msg=NewConnection DisableClientMultiStatements=false connectionID=2
time="2026-03-01T10:03:46-05:00" level=info msg=ConnectionClosed connectionID=2
time="2026-03-01T10:03:46-05:00" level=info msg=NewConnection DisableClientMultiStatements=false connectionID=3
time="2026-03-01T10:03:46-05:00" level=info msg=NewConnection DisableClientMultiStatements=false connectionID=4
time="2026-03-01T10:03:46-05:00" level=info msg=ConnectionClosed connectionID=3
time="2026-03-01T10:03:46-05:00" level=warning msg="error running query" connectTime="2026-03-01 10:03:46.735348 -0500 EST m=+0.531613876" connectionDb=daily_dashboard connectionID=4 error="table not found: config" queryTime="2026-03-01 10:03:46.73625 -0500 EST m=+0.532515709"
time="2026-03-01T10:03:46-05:00" level=warning msg="error running query" connectTime="2026-03-01 10:03:46.735348 -0500 EST m=+0.531613876" connectionDb=daily_dashboard connectionID=4 error="Duplicate key name 'idx_issues_issue_type'" queryTime="2026-03-01 10:03:46.808645 -0500 EST m=+0.604910918"
time="2026-03-01T10:03:46-05:00" level=warning msg="error running query" connectTime="2026-03-01 10:03:46.735348 -0500 EST m=+0.531613876" connectionDb=daily_dashboard connectionID=4 error="foreign key `fk_dep_depends_on` was not found on the table `dependencies`" queryTime="2026-03-01 10:03:46.809005 -0500 EST m=+0.605270751"
time="2026-03-01T10:03:46-05:00" level=info msg=ConnectionClosed connectionID=4
time="2026-03-01T10:03:47-05:00" level=info msg=NewConnection DisableClientMultiStatements=false connectionID=5
time="2026-03-01T10:03:47-05:00" level=info msg=ConnectionClosed connectionID=5
time="2026-03-01T10:03:47-05:00" level=info msg=NewConnection DisableClientMultiStatements=false connectionID=6
time="2026-03-01T10:03:47-05:00" level=info msg=NewConnection DisableClientMultiStatements=false connectionID=7
time="2026-03-01T10:03:47-05:00" level=info msg=ConnectionClosed connectionID=6
time="2026-03-01T10:03:47-05:00" level=info msg=ConnectionClosed connectionID=7
time="2026-03-01T10:03:47-05:00" level=info msg=NewConnection DisableClientMultiStatements=false connectionID=8
time="2026-03-01T10:03:47-05:00" level=info msg=ConnectionClosed connectionID=8
time="2026-03-01T10:03:47-05:00" level=info msg=NewConnection DisableClientMultiStatements=false connectionID=9
time="2026-03-01T10:03:47-05:00" level=info msg=NewConnection DisableClientMultiStatements=false connectionID=10
time="2026-03-01T10:03:47-05:00" level=info msg=ConnectionClosed connectionID=9
time="2026-03-01T10:03:47-05:00" level=info msg=ConnectionClosed connectionID=10
time="2026-03-01T10:03:47-05:00" level=info msg=NewConnection DisableClientMultiStatements=false connectionID=11
time="2026-03-01T10:03:47-05:00" level=info msg=ConnectionClosed connectionID=11
time="2026-03-01T10:03:47-05:00" level=info msg=NewConnection DisableClientMultiStatements=false connectionID=12
time="2026-03-01T10:03:47-05:00" level=info msg=NewConnection DisableClientMultiStatements=false connectionID=13
time="2026-03-01T10:03:47-05:00" level=info msg=ConnectionClosed connectionID=12
time="2026-03-01T10:03:47-05:00" level=info msg=ConnectionClosed connectionID=13
time="2026-03-01T10:03:47-05:00" level=info msg=NewConnection DisableClientMultiStatements=false connectionID=14
time="2026-03-01T10:03:47-05:00" level=info msg=ConnectionClosed connectionID=14
time="2026-03-01T10:03:47-05:00" level=info msg=NewConnection DisableClientMultiStatements=false connectionID=15
time="2026-03-01T10:03:47-05:00" level=info msg=NewConnection DisableClientMultiStatements=false connectionID=16
time="2026-03-01T10:03:47-05:00" level=info msg=ConnectionClosed connectionID=15
time="2026-03-01T10:03:47-05:00" level=info msg=ConnectionClosed connectionID=16
time="2026-03-01T10:03:47-05:00" level=info msg=NewConnection DisableClientMultiStatements=false connectionID=17
time="2026-03-01T10:03:47-05:00" level=info msg=ConnectionClosed connectionID=17
time="2026-03-01T10:03:47-05:00" level=info msg=NewConnection DisableClientMultiStatements=false connectionID=18
time="2026-03-01T10:03:47-05:00" level=info msg=NewConnection DisableClientMultiStatements=false connectionID=19
time="2026-03-01T10:03:47-05:00" level=info msg=ConnectionClosed connectionID=18
time="2026-03-01T10:03:47-05:00" level=info msg=ConnectionClosed connectionID=19
time="2026-03-01T10:03:47-05:00" level=info msg=NewConnection DisableClientMultiStatements=false connectionID=20
time="2026-03-01T10:03:47-05:00" level=info msg=ConnectionClosed connectionID=20
time="2026-03-01T10:03:47-05:00" level=info msg=NewConnection DisableClientMultiStatements=false connectionID=21
time="2026-03-01T10:03:47-05:00" level=info msg=ConnectionClosed connectionID=21
time="2026-03-01T10:04:36-05:00" level=info msg=NewConnection DisableClientMultiStatements=false connectionID=22
time="2026-03-01T10:04:36-05:00" level=info msg=ConnectionClosed connectionID=22
time="2026-03-01T10:04:36-05:00" level=info msg=NewConnection DisableClientMultiStatements=false connectionID=23
time="2026-03-01T10:04:36-05:00" level=info msg=NewConnection DisableClientMultiStatements=false connectionID=24
time="2026-03-01T10:04:36-05:00" level=info msg=ConnectionClosed connectionID=23
time="2026-03-01T10:04:36-05:00" level=info msg=NewConnection DisableClientMultiStatements=false connectionID=25
time="2026-03-01T10:04:36-05:00" level=info msg=ConnectionClosed connectionID=25
time="2026-03-01T10:04:36-05:00" level=info msg=NewConnection DisableClientMultiStatements=false connectionID=26
time="2026-03-01T10:04:36-05:00" level=info msg=NewConnection DisableClientMultiStatements=false connectionID=27
time="2026-03-01T10:04:36-05:00" level=info msg=ConnectionClosed connectionID=26
time="2026-03-01T10:04:36-05:00" level=info msg=ConnectionClosed connectionID=27
time="2026-03-01T10:04:36-05:00" level=info msg=NewConnection DisableClientMultiStatements=false connectionID=28
time="2026-03-01T10:04:36-05:00" level=info msg=ConnectionClosed connectionID=28
time="2026-03-01T10:04:36-05:00" level=info msg=NewConnection DisableClientMultiStatements=false connectionID=29
time="2026-03-01T10:04:36-05:00" level=info msg=NewConnection DisableClientMultiStatements=false connectionID=30
time="2026-03-01T10:04:36-05:00" level=info msg=ConnectionClosed connectionID=29
time="2026-03-01T10:04:36-05:00" level=info msg=ConnectionClosed connectionID=30
time="2026-03-01T10:04:37-05:00" level=info msg=NewConnection DisableClientMultiStatements=false connectionID=31
time="2026-03-01T10:04:37-05:00" level=info msg=ConnectionClosed connectionID=31
time="2026-03-01T10:04:37-05:00" level=info msg=NewConnection DisableClientMultiStatements=false connectionID=32
time="2026-03-01T10:04:37-05:00" level=info msg=NewConnection DisableClientMultiStatements=false connectionID=33
time="2026-03-01T10:04:37-05:00" level=info msg=ConnectionClosed connectionID=32
time="2026-03-01T10:04:37-05:00" level=info msg=ConnectionClosed connectionID=33
time="2026-03-01T10:04:37-05:00" level=info msg=ConnectionClosed connectionID=24
time="2026-03-01T10:04:44-05:00" level=info msg=NewConnection DisableClientMultiStatements=false connectionID=34
time="2026-03-01T10:04:44-05:00" level=info msg=ConnectionClosed connectionID=34
time="2026-03-01T10:04:44-05:00" level=info msg=NewConnection DisableClientMultiStatements=false connectionID=35
time="2026-03-01T10:04:44-05:00" level=info msg=NewConnection DisableClientMultiStatements=false connectionID=36
time="2026-03-01T10:04:44-05:00" level=info msg=ConnectionClosed connectionID=35
time="2026-03-01T10:04:44-05:00" level=info msg=ConnectionClosed connectionID=36
time="2026-03-01T10:27:01-05:00" level=info msg=NewConnection DisableClientMultiStatements=false connectionID=37
time="2026-03-01T10:27:01-05:00" level=info msg=ConnectionClosed connectionID=37
time="2026-03-01T10:27:01-05:00" level=info msg=NewConnection DisableClientMultiStatements=false connectionID=38
time="2026-03-01T10:27:01-05:00" level=info msg=NewConnection DisableClientMultiStatements=false connectionID=39
time="2026-03-01T10:27:01-05:00" level=info msg=ConnectionClosed connectionID=38
time="2026-03-01T10:27:01-05:00" level=info msg=NewConnection DisableClientMultiStatements=false connectionID=40
time="2026-03-01T10:27:01-05:00" level=info msg=ConnectionClosed connectionID=40
time="2026-03-01T10:27:01-05:00" level=info msg=NewConnection DisableClientMultiStatements=false connectionID=41
time="2026-03-01T10:27:01-05:00" level=info msg=NewConnection DisableClientMultiStatements=false connectionID=42
time="2026-03-01T10:27:01-05:00" level=info msg=ConnectionClosed connectionID=41
time="2026-03-01T10:27:01-05:00" level=info msg=ConnectionClosed connectionID=42
time="2026-03-01T10:27:01-05:00" level=info msg=NewConnection DisableClientMultiStatements=false connectionID=43
time="2026-03-01T10:27:01-05:00" level=info msg=ConnectionClosed connectionID=43
time="2026-03-01T10:27:01-05:00" level=info msg=NewConnection DisableClientMultiStatements=false connectionID=44
time="2026-03-01T10:27:02-05:00" level=info msg=NewConnection DisableClientMultiStatements=false connectionID=45
time="2026-03-01T10:27:02-05:00" level=info msg=ConnectionClosed connectionID=44
time="2026-03-01T10:27:02-05:00" level=info msg=ConnectionClosed connectionID=45
time="2026-03-01T10:27:02-05:00" level=info msg=NewConnection DisableClientMultiStatements=false connectionID=46
time="2026-03-01T10:27:02-05:00" level=info msg=ConnectionClosed connectionID=46
time="2026-03-01T10:27:02-05:00" level=info msg=NewConnection DisableClientMultiStatements=false connectionID=47
time="2026-03-01T10:27:02-05:00" level=info msg=NewConnection DisableClientMultiStatements=false connectionID=48
time="2026-03-01T10:27:02-05:00" level=info msg=ConnectionClosed connectionID=47
time="2026-03-01T10:27:02-05:00" level=info msg=ConnectionClosed connectionID=48
time="2026-03-01T10:27:02-05:00" level=info msg=ConnectionClosed connectionID=39
time="2026-03-01T10:27:50-05:00" level=info msg=NewConnection DisableClientMultiStatements=false connectionID=49
time="2026-03-01T10:27:50-05:00" level=info msg=ConnectionClosed connectionID=49
time="2026-03-01T10:27:50-05:00" level=info msg=NewConnection DisableClientMultiStatements=false connectionID=50
time="2026-03-01T10:27:50-05:00" level=info msg=NewConnection DisableClientMultiStatements=false connectionID=51
time="2026-03-01T10:27:50-05:00" level=info msg=ConnectionClosed connectionID=50
time="2026-03-01T10:27:51-05:00" level=info msg=ConnectionClosed connectionID=51
time="2026-03-01T10:32:05-05:00" level=info msg=NewConnection DisableClientMultiStatements=false connectionID=52
time="2026-03-01T10:32:05-05:00" level=info msg=ConnectionClosed connectionID=52
time="2026-03-01T10:32:05-05:00" level=info msg=NewConnection DisableClientMultiStatements=false connectionID=53
time="2026-03-01T10:32:05-05:00" level=info msg=NewConnection DisableClientMultiStatements=false connectionID=54
time="2026-03-01T10:32:05-05:00" level=info msg=ConnectionClosed connectionID=53
time="2026-03-01T10:32:05-05:00" level=info msg=ConnectionClosed connectionID=54
